<?xml version="1.0" encoding="UTF-8"?>
<testng-results ignored="0" total="2" passed="2" failed="0" skipped="0">
  <reporter-output>
  </reporter-output>
  <suite started-at="2021-11-29T00:31:56 CST" name="Default suite" finished-at="2021-11-29T00:32:00 CST" duration-ms="4146">
    <groups>
    </groups>
    <test started-at="2021-11-29T00:31:56 CST" name="Default test" finished-at="2021-11-29T00:32:00 CST" duration-ms="4146">
      <class name="Tests.Putpatchdelete">
        <test-method signature="delete()[pri:0, instance:Tests.Putpatchdelete@5276e6b0]" started-at="2021-11-29T00:31:56 CST" name="delete" finished-at="2021-11-29T00:32:00 CST" duration-ms="3220" status="PASS">
          <reporter-output>
          </reporter-output>
        </test-method> <!-- delete -->
        <test-method signature="update()[pri:0, instance:Tests.Putpatchdelete@5276e6b0]" started-at="2021-11-29T00:32:00 CST" name="update" finished-at="2021-11-29T00:32:00 CST" duration-ms="876" status="PASS">
          <reporter-output>
          </reporter-output>
        </test-method> <!-- update -->
      </class> <!-- Tests.Putpatchdelete -->
    </test> <!-- Default test -->
  </suite> <!-- Default suite -->
</testng-results>
